<?xml version="1.0" encoding="UTF-8"?>
<testsuite xmlns:xsi="http://www.w3.org/2001/XMLSchema-instance" xsi:noNamespaceSchemaLocation="https://maven.apache.org/surefire/maven-surefire-plugin/xsd/surefire-test-report.xsd" name="TestSuite" time="14.147" tests="2" errors="0" skipped="0" failures="0">
  <properties>
[...]
</properties>
  <testcase name="f" classname="com.sas.APIAutomation.NewTest" time="2.304"/>
  <testcase name="Test_assert_equals" classname="com.sas.UIAutomation.SeleniumTestNG" time="3.545"/>
</testsuite>