<?xml version="1.0" encoding="UTF-8"?>
<testng-results ignored="0" total="1" passed="1" failed="0" skipped="0">
  <reporter-output>
  </reporter-output>
  <suite started-at="2024-02-11T00:36:53 IST" name="Default suite" finished-at="2024-02-11T00:37:21 IST" duration-ms="27698">
    <groups>
    </groups>
    <test started-at="2024-02-11T00:36:53 IST" name="Default test" finished-at="2024-02-11T00:37:21 IST" duration-ms="27698">
      <class name="com.sas.UIAutomation.UIDemo">
        <test-method signature="f()[pri:0, instance:com.sas.UIAutomation.UIDemo@71391b3f]" started-at="2024-02-11T00:36:53 IST" name="f" finished-at="2024-02-11T00:37:21 IST" duration-ms="27456" status="PASS">
          <reporter-output>
          </reporter-output>
        </test-method> <!-- f -->
      </class> <!-- com.sas.UIAutomation.UIDemo -->
    </test> <!-- Default test -->
  </suite> <!-- Default suite -->
</testng-results>
